This is pdfTeX, Version 3.141592653-2.6-1.40.26 (TeX Live 2024) (preloaded format=pdflatex 2024.11.13)  13 NOV 2024 08:36
entering extended mode
 restricted \write18 enabled.
 %&-line parsing enabled.
**singleRcapture_no_headers.tex
(./singleRcapture_no_headers.tex
LaTeX2e <2024-11-01>
L3 programming layer <2024-11-02>
(./jss.cls
Document Class: jss 2021/05/23 3.3 jss class by Achim Zeileis
(/Users/pich3772/Library/TinyTeX/texmf-dist/tex/latex/base/article.cls
Document Class: article 2024/06/29 v1.4n Standard LaTeX document class
(/Users/pich3772/Library/TinyTeX/texmf-dist/tex/latex/base/size11.clo
File: size11.clo 2024/06/29 v1.4n Standard LaTeX file (size option)
)
\c@part=\count196
\c@section=\count197
\c@subsection=\count198
\c@subsubsection=\count199
\c@paragraph=\count266
\c@subparagraph=\count267
\c@figure=\count268
\c@table=\count269
\abovecaptionskip=\skip49
\belowcaptionskip=\skip50
\bibindent=\dimen141
) (/Users/pich3772/Library/TinyTeX/texmf-dist/tex/latex/graphics/graphicx.sty
Package: graphicx 2021/09/16 v1.2d Enhanced LaTeX Graphics (DPC,SPQR)
 (/Users/pich3772/Library/TinyTeX/texmf-dist/tex/latex/graphics/keyval.sty
Package: keyval 2022/05/29 v1.15 key=value parser (DPC)
\KV@toks@=\toks17
) (/Users/pich3772/Library/TinyTeX/texmf-dist/tex/latex/graphics/graphics.sty
Package: graphics 2024/08/06 v1.4g Standard LaTeX Graphics (DPC,SPQR)
 (/Users/pich3772/Library/TinyTeX/texmf-dist/tex/latex/graphics/trig.sty
Package: trig 2023/12/02 v1.11 sin cos tan (DPC)
) (/Users/pich3772/Library/TinyTeX/texmf-dist/tex/latex/graphics-cfg/graphics.cfg
File: graphics.cfg 2016/06/04 v1.11 sample graphics configuration
)
Package graphics Info: Driver file: pdftex.def on input line 106.
 (/Users/pich3772/Library/TinyTeX/texmf-dist/tex/latex/graphics-def/pdftex.def
File: pdftex.def 2024/04/13 v1.2c Graphics/color driver for pdftex
))
\Gin@req@height=\dimen142
\Gin@req@width=\dimen143
) (/Users/pich3772/Library/TinyTeX/texmf-dist/tex/latex/xcolor/xcolor.sty
Package: xcolor 2024/09/29 v3.02 LaTeX color extensions (UK)
 (/Users/pich3772/Library/TinyTeX/texmf-dist/tex/latex/graphics-cfg/color.cfg
File: color.cfg 2016/01/02 v1.6 sample color configuration
)
Package xcolor Info: Driver file: pdftex.def on input line 274.
 (/Users/pich3772/Library/TinyTeX/texmf-dist/tex/latex/graphics/mathcolor.ltx)
Package xcolor Info: Model `cmy' substituted by `cmy0' on input line 1349.
Package xcolor Info: Model `hsb' substituted by `rgb' on input line 1353.
Package xcolor Info: Model `RGB' extended on input line 1365.
Package xcolor Info: Model `HTML' substituted by `rgb' on input line 1367.
Package xcolor Info: Model `Hsb' substituted by `hsb' on input line 1368.
Package xcolor Info: Model `tHsb' substituted by `hsb' on input line 1369.
Package xcolor Info: Model `HSB' substituted by `hsb' on input line 1370.
Package xcolor Info: Model `Gray' substituted by `gray' on input line 1371.
Package xcolor Info: Model `wave' substituted by `hsb' on input line 1372.
) (/Users/pich3772/Library/TinyTeX/texmf-dist/tex/latex/ae/ae.sty
Package: ae 2001/02/12 1.3 Almost European Computer Modern
 (/Users/pich3772/Library/TinyTeX/texmf-dist/tex/latex/base/fontenc.sty
Package: fontenc 2021/04/29 v2.0v Standard LaTeX package
)) (/Users/pich3772/Library/TinyTeX/texmf-dist/tex/latex/fancyvrb/fancyvrb.sty
Package: fancyvrb 2024/01/20 4.5c verbatim text (tvz,hv)
\FV@CodeLineNo=\count270
\FV@InFile=\read2
\FV@TabBox=\box52
\c@FancyVerbLine=\count271
\FV@StepNumber=\count272
\FV@OutFile=\write3
) (/Users/pich3772/Library/TinyTeX/texmf-dist/tex/latex/base/fontenc.sty
Package: fontenc 2021/04/29 v2.0v Standard LaTeX package
LaTeX Font Info:    Trying to load font information for T1+aer on input line 116.
 (/Users/pich3772/Library/TinyTeX/texmf-dist/tex/latex/ae/t1aer.fd
File: t1aer.fd 1997/11/16 Font definitions for T1/aer.
)) (/Users/pich3772/Library/TinyTeX/texmf-dist/tex/latex/lm/lmodern.sty
Package: lmodern 2015/05/01 v1.6.1 Latin Modern Fonts
LaTeX Font Info:    Overwriting symbol font `operators' in version `normal'
(Font)                  OT1/cmr/m/n --> OT1/lmr/m/n on input line 22.
LaTeX Font Info:    Overwriting symbol font `letters' in version `normal'
(Font)                  OML/cmm/m/it --> OML/lmm/m/it on input line 23.
LaTeX Font Info:    Overwriting symbol font `symbols' in version `normal'
(Font)                  OMS/cmsy/m/n --> OMS/lmsy/m/n on input line 24.
LaTeX Font Info:    Overwriting symbol font `largesymbols' in version `normal'
(Font)                  OMX/cmex/m/n --> OMX/lmex/m/n on input line 25.
LaTeX Font Info:    Overwriting symbol font `operators' in version `bold'
(Font)                  OT1/cmr/bx/n --> OT1/lmr/bx/n on input line 26.
LaTeX Font Info:    Overwriting symbol font `letters' in version `bold'
(Font)                  OML/cmm/b/it --> OML/lmm/b/it on input line 27.
LaTeX Font Info:    Overwriting symbol font `symbols' in version `bold'
(Font)                  OMS/cmsy/b/n --> OMS/lmsy/b/n on input line 28.
LaTeX Font Info:    Overwriting symbol font `largesymbols' in version `bold'
(Font)                  OMX/cmex/m/n --> OMX/lmex/m/n on input line 29.
LaTeX Font Info:    Overwriting math alphabet `\mathbf' in version `normal'
(Font)                  OT1/cmr/bx/n --> OT1/lmr/bx/n on input line 31.
LaTeX Font Info:    Overwriting math alphabet `\mathsf' in version `normal'
(Font)                  OT1/cmss/m/n --> OT1/lmss/m/n on input line 32.
LaTeX Font Info:    Overwriting math alphabet `\mathit' in version `normal'
(Font)                  OT1/cmr/m/it --> OT1/lmr/m/it on input line 33.
LaTeX Font Info:    Overwriting math alphabet `\mathtt' in version `normal'
(Font)                  OT1/cmtt/m/n --> OT1/lmtt/m/n on input line 34.
LaTeX Font Info:    Overwriting math alphabet `\mathbf' in version `bold'
(Font)                  OT1/cmr/bx/n --> OT1/lmr/bx/n on input line 35.
LaTeX Font Info:    Overwriting math alphabet `\mathsf' in version `bold'
(Font)                  OT1/cmss/bx/n --> OT1/lmss/bx/n on input line 36.
LaTeX Font Info:    Overwriting math alphabet `\mathit' in version `bold'
(Font)                  OT1/cmr/bx/it --> OT1/lmr/bx/it on input line 37.
LaTeX Font Info:    Overwriting math alphabet `\mathtt' in version `bold'
(Font)                  OT1/cmtt/m/n --> OT1/lmtt/m/n on input line 38.
) (/Users/pich3772/Library/TinyTeX/texmf-dist/tex/latex/natbib/natbib.sty
Package: natbib 2010/09/13 8.31b (PWD, AO)
\bibhang=\skip51
\bibsep=\skip52
LaTeX Info: Redefining \cite on input line 694.
\c@NAT@ctr=\count273
)
\footerskip=\skip53
 (/Users/pich3772/Library/TinyTeX/texmf-dist/tex/latex/hyperref/hyperref.sty
Package: hyperref 2024-11-05 v7.01l Hypertext links for LaTeX
 (/Users/pich3772/Library/TinyTeX/texmf-dist/tex/generic/iftex/iftex.sty
Package: iftex 2022/02/03 v1.0f TeX engine tests
) (/Users/pich3772/Library/TinyTeX/texmf-dist/tex/latex/kvsetkeys/kvsetkeys.sty
Package: kvsetkeys 2022-10-05 v1.19 Key value parser (HO)
) (/Users/pich3772/Library/TinyTeX/texmf-dist/tex/generic/kvdefinekeys/kvdefinekeys.sty
Package: kvdefinekeys 2019-12-19 v1.6 Define keys (HO)
) (/Users/pich3772/Library/TinyTeX/texmf-dist/tex/generic/pdfescape/pdfescape.sty
Package: pdfescape 2019/12/09 v1.15 Implements pdfTeX's escape features (HO)
 (/Users/pich3772/Library/TinyTeX/texmf-dist/tex/generic/ltxcmds/ltxcmds.sty
Package: ltxcmds 2023-12-04 v1.26 LaTeX kernel commands for general use (HO)
) (/Users/pich3772/Library/TinyTeX/texmf-dist/tex/generic/pdftexcmds/pdftexcmds.sty
Package: pdftexcmds 2020-06-27 v0.33 Utility functions of pdfTeX for LuaTeX (HO)
 (/Users/pich3772/Library/TinyTeX/texmf-dist/tex/generic/infwarerr/infwarerr.sty
Package: infwarerr 2019/12/03 v1.5 Providing info/warning/error messages (HO)
)
Package pdftexcmds Info: \pdf@primitive is available.
Package pdftexcmds Info: \pdf@ifprimitive is available.
Package pdftexcmds Info: \pdfdraftmode found.
)) (/Users/pich3772/Library/TinyTeX/texmf-dist/tex/latex/hycolor/hycolor.sty
Package: hycolor 2020-01-27 v1.10 Color options for hyperref/bookmark (HO)
) (/Users/pich3772/Library/TinyTeX/texmf-dist/tex/latex/hyperref/nameref.sty
Package: nameref 2023-11-26 v2.56 Cross-referencing by name of section
 (/Users/pich3772/Library/TinyTeX/texmf-dist/tex/latex/refcount/refcount.sty
Package: refcount 2019/12/15 v3.6 Data extraction from label references (HO)
) (/Users/pich3772/Library/TinyTeX/texmf-dist/tex/generic/gettitlestring/gettitlestring.sty
Package: gettitlestring 2019/12/15 v1.6 Cleanup title references (HO)
 (/Users/pich3772/Library/TinyTeX/texmf-dist/tex/latex/kvoptions/kvoptions.sty
Package: kvoptions 2022-06-15 v3.15 Key value format for package options (HO)
))
\c@section@level=\count274
) (/Users/pich3772/Library/TinyTeX/texmf-dist/tex/latex/etoolbox/etoolbox.sty
Package: etoolbox 2020/10/05 v2.5k e-TeX tools for LaTeX (JAW)
\etb@tempcnta=\count275
) (/Users/pich3772/Library/TinyTeX/texmf-dist/tex/generic/stringenc/stringenc.sty
Package: stringenc 2019/11/29 v1.12 Convert strings between diff. encodings (HO)
)
\@linkdim=\dimen144
\Hy@linkcounter=\count276
\Hy@pagecounter=\count277
 (/Users/pich3772/Library/TinyTeX/texmf-dist/tex/latex/hyperref/pd1enc.def
File: pd1enc.def 2024-11-05 v7.01l Hyperref: PDFDocEncoding definition (HO)
Now handling font encoding PD1 ...
... no UTF-8 mapping file for font encoding PD1
) (/Users/pich3772/Library/TinyTeX/texmf-dist/tex/generic/intcalc/intcalc.sty
Package: intcalc 2019/12/15 v1.3 Expandable calculations with integers (HO)
)
\Hy@SavedSpaceFactor=\count278
 (/Users/pich3772/Library/TinyTeX/texmf-dist/tex/latex/hyperref/puenc.def
File: puenc.def 2024-11-05 v7.01l Hyperref: PDF Unicode definition (HO)
Now handling font encoding PU ...
... no UTF-8 mapping file for font encoding PU
)
Package hyperref Info: Hyper figures OFF on input line 4157.
Package hyperref Info: Link nesting OFF on input line 4162.
Package hyperref Info: Hyper index ON on input line 4165.
Package hyperref Info: Plain pages OFF on input line 4172.
Package hyperref Info: Backreferencing OFF on input line 4177.
Package hyperref Info: Implicit mode ON; LaTeX internals redefined.
Package hyperref Info: Bookmarks ON on input line 4424.
\c@Hy@tempcnt=\count279
 (/Users/pich3772/Library/TinyTeX/texmf-dist/tex/latex/url/url.sty
\Urlmuskip=\muskip17
Package: url 2013/09/16  ver 3.4  Verb mode for urls, etc.
)
LaTeX Info: Redefining \url on input line 4763.
\XeTeXLinkMargin=\dimen145
 (/Users/pich3772/Library/TinyTeX/texmf-dist/tex/generic/bitset/bitset.sty
Package: bitset 2019/12/09 v1.3 Handle bit-vector datatype (HO)
 (/Users/pich3772/Library/TinyTeX/texmf-dist/tex/generic/bigintcalc/bigintcalc.sty
Package: bigintcalc 2019/12/15 v1.5 Expandable calculations on big integers (HO)
))
\Fld@menulength=\count280
\Field@Width=\dimen146
\Fld@charsize=\dimen147
Package hyperref Info: Hyper figures OFF on input line 6042.
Package hyperref Info: Link nesting OFF on input line 6047.
Package hyperref Info: Hyper index ON on input line 6050.
Package hyperref Info: backreferencing OFF on input line 6057.
Package hyperref Info: Link coloring OFF on input line 6062.
Package hyperref Info: Link coloring with OCG OFF on input line 6067.
Package hyperref Info: PDF/A mode OFF on input line 6072.
 (/Users/pich3772/Library/TinyTeX/texmf-dist/tex/latex/base/atbegshi-ltx.sty
Package: atbegshi-ltx 2021/01/10 v1.0c Emulation of the original atbegshi
package with kernel methods
)
\Hy@abspage=\count281
\c@Item=\count282
\c@Hfootnote=\count283
)
Package hyperref Info: Driver (autodetected): hpdftex.
 (/Users/pich3772/Library/TinyTeX/texmf-dist/tex/latex/hyperref/hpdftex.def
File: hpdftex.def 2024-11-05 v7.01l Hyperref driver for pdfTeX
 (/Users/pich3772/Library/TinyTeX/texmf-dist/tex/latex/base/atveryend-ltx.sty
Package: atveryend-ltx 2020/08/19 v1.0a Emulation of the original atveryend package
with kernel methods
)
\Fld@listcount=\count284
\c@bookmark@seq@number=\count285
 (/Users/pich3772/Library/TinyTeX/texmf-dist/tex/latex/rerunfilecheck/rerunfilecheck.sty
Package: rerunfilecheck 2022-07-10 v1.10 Rerun checks for auxiliary files (HO)
 (/Users/pich3772/Library/TinyTeX/texmf-dist/tex/generic/uniquecounter/uniquecounter.sty
Package: uniquecounter 2019/12/15 v1.4 Provide unlimited unique counter (HO)
)
Package uniquecounter Info: New unique counter `rerunfilecheck' on input line 285.
)
\Hy@SectionHShift=\skip54
)
\preXLskip=\skip55
\preLskip=\skip56
\preMskip=\skip57
\preSskip=\skip58
\postMskip=\skip59
\postSskip=\skip60


Package hyperref Warning: Option `hyperindex' has already been used,
(hyperref)                setting the option has no effect on input line 447.

Package hyperref Info: Option `colorlinks' set `true' on input line 447.
Package hyperref Info: Option `linktocpage' set `true' on input line 447.
Package hyperref Info: Option `plainpages' set `false' on input line 447.
) (/Users/pich3772/Library/TinyTeX/texmf-dist/tex/latex/framed/framed.sty
Package: framed 2011/10/22 v 0.96: framed or shaded text with page breaks
\OuterFrameSep=\skip61
\fb@frw=\dimen148
\fb@frh=\dimen149
\FrameRule=\dimen150
\FrameSep=\dimen151
) (/Users/pich3772/Library/TinyTeX/texmf-dist/tex/latex/base/alltt.sty
Package: alltt 2024/07/07 v2.0g defines alltt environment
) (./orcidlink.sty
Package: orcidlink 2021/06/11 v1.0.4 Linked ORCiD logo macro package
 (/Users/pich3772/Library/TinyTeX/texmf-dist/tex/latex/pgf/frontendlayer/tikz.sty (/Users/pich3772/Library/TinyTeX/texmf-dist/tex/latex/pgf/basiclayer/pgf.sty (/Users/pich3772/Library/TinyTeX/texmf-dist/tex/latex/pgf/utilities/pgfrcs.sty (/Users/pich3772/Library/TinyTeX/texmf-dist/tex/generic/pgf/utilities/pgfutil-common.tex
\pgfutil@everybye=\toks18
\pgfutil@tempdima=\dimen152
\pgfutil@tempdimb=\dimen153
) (/Users/pich3772/Library/TinyTeX/texmf-dist/tex/generic/pgf/utilities/pgfutil-latex.def
\pgfutil@abb=\box53
) (/Users/pich3772/Library/TinyTeX/texmf-dist/tex/generic/pgf/utilities/pgfrcs.code.tex (/Users/pich3772/Library/TinyTeX/texmf-dist/tex/generic/pgf/pgf.revision.tex)
Package: pgfrcs 2023-01-15 v3.1.10 (3.1.10)
))
Package: pgf 2023-01-15 v3.1.10 (3.1.10)
 (/Users/pich3772/Library/TinyTeX/texmf-dist/tex/latex/pgf/basiclayer/pgfcore.sty (/Users/pich3772/Library/TinyTeX/texmf-dist/tex/latex/pgf/systemlayer/pgfsys.sty (/Users/pich3772/Library/TinyTeX/texmf-dist/tex/generic/pgf/systemlayer/pgfsys.code.tex
Package: pgfsys 2023-01-15 v3.1.10 (3.1.10)
 (/Users/pich3772/Library/TinyTeX/texmf-dist/tex/generic/pgf/utilities/pgfkeys.code.tex
\pgfkeys@pathtoks=\toks19
\pgfkeys@temptoks=\toks20
 (/Users/pich3772/Library/TinyTeX/texmf-dist/tex/generic/pgf/utilities/pgfkeyslibraryfiltered.code.tex
\pgfkeys@tmptoks=\toks21
))
\pgf@x=\dimen154
\pgf@y=\dimen155
\pgf@xa=\dimen156
\pgf@ya=\dimen157
\pgf@xb=\dimen158
\pgf@yb=\dimen159
\pgf@xc=\dimen160
\pgf@yc=\dimen161
\pgf@xd=\dimen162
\pgf@yd=\dimen163
\w@pgf@writea=\write4
\r@pgf@reada=\read3
\c@pgf@counta=\count286
\c@pgf@countb=\count287
\c@pgf@countc=\count288
\c@pgf@countd=\count289
\t@pgf@toka=\toks22
\t@pgf@tokb=\toks23
\t@pgf@tokc=\toks24
\pgf@sys@id@count=\count290
 (/Users/pich3772/Library/TinyTeX/texmf-dist/tex/generic/pgf/systemlayer/pgf.cfg
File: pgf.cfg 2023-01-15 v3.1.10 (3.1.10)
)
Driver file for pgf: pgfsys-pdftex.def
 (/Users/pich3772/Library/TinyTeX/texmf-dist/tex/generic/pgf/systemlayer/pgfsys-pdftex.def
File: pgfsys-pdftex.def 2023-01-15 v3.1.10 (3.1.10)
 (/Users/pich3772/Library/TinyTeX/texmf-dist/tex/generic/pgf/systemlayer/pgfsys-common-pdf.def
File: pgfsys-common-pdf.def 2023-01-15 v3.1.10 (3.1.10)
))) (/Users/pich3772/Library/TinyTeX/texmf-dist/tex/generic/pgf/systemlayer/pgfsyssoftpath.code.tex
File: pgfsyssoftpath.code.tex 2023-01-15 v3.1.10 (3.1.10)
\pgfsyssoftpath@smallbuffer@items=\count291
\pgfsyssoftpath@bigbuffer@items=\count292
) (/Users/pich3772/Library/TinyTeX/texmf-dist/tex/generic/pgf/systemlayer/pgfsysprotocol.code.tex
File: pgfsysprotocol.code.tex 2023-01-15 v3.1.10 (3.1.10)
)) (/Users/pich3772/Library/TinyTeX/texmf-dist/tex/generic/pgf/basiclayer/pgfcore.code.tex
Package: pgfcore 2023-01-15 v3.1.10 (3.1.10)
 (/Users/pich3772/Library/TinyTeX/texmf-dist/tex/generic/pgf/math/pgfmath.code.tex (/Users/pich3772/Library/TinyTeX/texmf-dist/tex/generic/pgf/math/pgfmathutil.code.tex) (/Users/pich3772/Library/TinyTeX/texmf-dist/tex/generic/pgf/math/pgfmathparser.code.tex
\pgfmath@dimen=\dimen164
\pgfmath@count=\count293
\pgfmath@box=\box54
\pgfmath@toks=\toks25
\pgfmath@stack@operand=\toks26
\pgfmath@stack@operation=\toks27
) (/Users/pich3772/Library/TinyTeX/texmf-dist/tex/generic/pgf/math/pgfmathfunctions.code.tex) (/Users/pich3772/Library/TinyTeX/texmf-dist/tex/generic/pgf/math/pgfmathfunctions.basic.code.tex) (/Users/pich3772/Library/TinyTeX/texmf-dist/tex/generic/pgf/math/pgfmathfunctions.trigonometric.code.tex) (/Users/pich3772/Library/TinyTeX/texmf-dist/tex/generic/pgf/math/pgfmathfunctions.random.code.tex) (/Users/pich3772/Library/TinyTeX/texmf-dist/tex/generic/pgf/math/pgfmathfunctions.comparison.code.tex) (/Users/pich3772/Library/TinyTeX/texmf-dist/tex/generic/pgf/math/pgfmathfunctions.base.code.tex) (/Users/pich3772/Library/TinyTeX/texmf-dist/tex/generic/pgf/math/pgfmathfunctions.round.code.tex) (/Users/pich3772/Library/TinyTeX/texmf-dist/tex/generic/pgf/math/pgfmathfunctions.misc.code.tex) (/Users/pich3772/Library/TinyTeX/texmf-dist/tex/generic/pgf/math/pgfmathfunctions.integerarithmetics.code.tex) (/Users/pich3772/Library/TinyTeX/texmf-dist/tex/generic/pgf/math/pgfmathcalc.code.tex) (/Users/pich3772/Library/TinyTeX/texmf-dist/tex/generic/pgf/math/pgfmathfloat.code.tex
\c@pgfmathroundto@lastzeros=\count294
)) (/Users/pich3772/Library/TinyTeX/texmf-dist/tex/generic/pgf/math/pgfint.code.tex) (/Users/pich3772/Library/TinyTeX/texmf-dist/tex/generic/pgf/basiclayer/pgfcorepoints.code.tex
File: pgfcorepoints.code.tex 2023-01-15 v3.1.10 (3.1.10)
\pgf@picminx=\dimen165
\pgf@picmaxx=\dimen166
\pgf@picminy=\dimen167
\pgf@picmaxy=\dimen168
\pgf@pathminx=\dimen169
\pgf@pathmaxx=\dimen170
\pgf@pathminy=\dimen171
\pgf@pathmaxy=\dimen172
\pgf@xx=\dimen173
\pgf@xy=\dimen174
\pgf@yx=\dimen175
\pgf@yy=\dimen176
\pgf@zx=\dimen177
\pgf@zy=\dimen178
) (/Users/pich3772/Library/TinyTeX/texmf-dist/tex/generic/pgf/basiclayer/pgfcorepathconstruct.code.tex
File: pgfcorepathconstruct.code.tex 2023-01-15 v3.1.10 (3.1.10)
\pgf@path@lastx=\dimen179
\pgf@path@lasty=\dimen180
) (/Users/pich3772/Library/TinyTeX/texmf-dist/tex/generic/pgf/basiclayer/pgfcorepathusage.code.tex
File: pgfcorepathusage.code.tex 2023-01-15 v3.1.10 (3.1.10)
\pgf@shorten@end@additional=\dimen181
\pgf@shorten@start@additional=\dimen182
) (/Users/pich3772/Library/TinyTeX/texmf-dist/tex/generic/pgf/basiclayer/pgfcorescopes.code.tex
File: pgfcorescopes.code.tex 2023-01-15 v3.1.10 (3.1.10)
\pgfpic=\box55
\pgf@hbox=\box56
\pgf@layerbox@main=\box57
\pgf@picture@serial@count=\count295
) (/Users/pich3772/Library/TinyTeX/texmf-dist/tex/generic/pgf/basiclayer/pgfcoregraphicstate.code.tex
File: pgfcoregraphicstate.code.tex 2023-01-15 v3.1.10 (3.1.10)
\pgflinewidth=\dimen183
) (/Users/pich3772/Library/TinyTeX/texmf-dist/tex/generic/pgf/basiclayer/pgfcoretransformations.code.tex
File: pgfcoretransformations.code.tex 2023-01-15 v3.1.10 (3.1.10)
\pgf@pt@x=\dimen184
\pgf@pt@y=\dimen185
\pgf@pt@temp=\dimen186
) (/Users/pich3772/Library/TinyTeX/texmf-dist/tex/generic/pgf/basiclayer/pgfcorequick.code.tex
File: pgfcorequick.code.tex 2023-01-15 v3.1.10 (3.1.10)
) (/Users/pich3772/Library/TinyTeX/texmf-dist/tex/generic/pgf/basiclayer/pgfcoreobjects.code.tex
File: pgfcoreobjects.code.tex 2023-01-15 v3.1.10 (3.1.10)
) (/Users/pich3772/Library/TinyTeX/texmf-dist/tex/generic/pgf/basiclayer/pgfcorepathprocessing.code.tex
File: pgfcorepathprocessing.code.tex 2023-01-15 v3.1.10 (3.1.10)
) (/Users/pich3772/Library/TinyTeX/texmf-dist/tex/generic/pgf/basiclayer/pgfcorearrows.code.tex
File: pgfcorearrows.code.tex 2023-01-15 v3.1.10 (3.1.10)
\pgfarrowsep=\dimen187
) (/Users/pich3772/Library/TinyTeX/texmf-dist/tex/generic/pgf/basiclayer/pgfcoreshade.code.tex
File: pgfcoreshade.code.tex 2023-01-15 v3.1.10 (3.1.10)
\pgf@max=\dimen188
\pgf@sys@shading@range@num=\count296
\pgf@shadingcount=\count297
) (/Users/pich3772/Library/TinyTeX/texmf-dist/tex/generic/pgf/basiclayer/pgfcoreimage.code.tex
File: pgfcoreimage.code.tex 2023-01-15 v3.1.10 (3.1.10)
) (/Users/pich3772/Library/TinyTeX/texmf-dist/tex/generic/pgf/basiclayer/pgfcoreexternal.code.tex
File: pgfcoreexternal.code.tex 2023-01-15 v3.1.10 (3.1.10)
\pgfexternal@startupbox=\box58
) (/Users/pich3772/Library/TinyTeX/texmf-dist/tex/generic/pgf/basiclayer/pgfcorelayers.code.tex
File: pgfcorelayers.code.tex 2023-01-15 v3.1.10 (3.1.10)
) (/Users/pich3772/Library/TinyTeX/texmf-dist/tex/generic/pgf/basiclayer/pgfcoretransparency.code.tex
File: pgfcoretransparency.code.tex 2023-01-15 v3.1.10 (3.1.10)
) (/Users/pich3772/Library/TinyTeX/texmf-dist/tex/generic/pgf/basiclayer/pgfcorepatterns.code.tex
File: pgfcorepatterns.code.tex 2023-01-15 v3.1.10 (3.1.10)
) (/Users/pich3772/Library/TinyTeX/texmf-dist/tex/generic/pgf/basiclayer/pgfcorerdf.code.tex
File: pgfcorerdf.code.tex 2023-01-15 v3.1.10 (3.1.10)
))) (/Users/pich3772/Library/TinyTeX/texmf-dist/tex/generic/pgf/modules/pgfmoduleshapes.code.tex
File: pgfmoduleshapes.code.tex 2023-01-15 v3.1.10 (3.1.10)
\pgfnodeparttextbox=\box59
) (/Users/pich3772/Library/TinyTeX/texmf-dist/tex/generic/pgf/modules/pgfmoduleplot.code.tex
File: pgfmoduleplot.code.tex 2023-01-15 v3.1.10 (3.1.10)
) (/Users/pich3772/Library/TinyTeX/texmf-dist/tex/latex/pgf/compatibility/pgfcomp-version-0-65.sty
Package: pgfcomp-version-0-65 2023-01-15 v3.1.10 (3.1.10)
\pgf@nodesepstart=\dimen189
\pgf@nodesepend=\dimen190
) (/Users/pich3772/Library/TinyTeX/texmf-dist/tex/latex/pgf/compatibility/pgfcomp-version-1-18.sty
Package: pgfcomp-version-1-18 2023-01-15 v3.1.10 (3.1.10)
)) (/Users/pich3772/Library/TinyTeX/texmf-dist/tex/latex/pgf/utilities/pgffor.sty (/Users/pich3772/Library/TinyTeX/texmf-dist/tex/latex/pgf/utilities/pgfkeys.sty (/Users/pich3772/Library/TinyTeX/texmf-dist/tex/generic/pgf/utilities/pgfkeys.code.tex)) (/Users/pich3772/Library/TinyTeX/texmf-dist/tex/latex/pgf/math/pgfmath.sty (/Users/pich3772/Library/TinyTeX/texmf-dist/tex/generic/pgf/math/pgfmath.code.tex)) (/Users/pich3772/Library/TinyTeX/texmf-dist/tex/generic/pgf/utilities/pgffor.code.tex
Package: pgffor 2023-01-15 v3.1.10 (3.1.10)
\pgffor@iter=\dimen191
\pgffor@skip=\dimen192
\pgffor@stack=\toks28
\pgffor@toks=\toks29
)) (/Users/pich3772/Library/TinyTeX/texmf-dist/tex/generic/pgf/frontendlayer/tikz/tikz.code.tex
Package: tikz 2023-01-15 v3.1.10 (3.1.10)
 (/Users/pich3772/Library/TinyTeX/texmf-dist/tex/generic/pgf/libraries/pgflibraryplothandlers.code.tex
File: pgflibraryplothandlers.code.tex 2023-01-15 v3.1.10 (3.1.10)
\pgf@plot@mark@count=\count298
\pgfplotmarksize=\dimen193
)
\tikz@lastx=\dimen194
\tikz@lasty=\dimen195
\tikz@lastxsaved=\dimen196
\tikz@lastysaved=\dimen197
\tikz@lastmovetox=\dimen198
\tikz@lastmovetoy=\dimen199
\tikzleveldistance=\dimen256
\tikzsiblingdistance=\dimen257
\tikz@figbox=\box60
\tikz@figbox@bg=\box61
\tikz@tempbox=\box62
\tikz@tempbox@bg=\box63
\tikztreelevel=\count299
\tikznumberofchildren=\count300
\tikznumberofcurrentchild=\count301
\tikz@fig@count=\count302
 (/Users/pich3772/Library/TinyTeX/texmf-dist/tex/generic/pgf/modules/pgfmodulematrix.code.tex
File: pgfmodulematrix.code.tex 2023-01-15 v3.1.10 (3.1.10)
\pgfmatrixcurrentrow=\count303
\pgfmatrixcurrentcolumn=\count304
\pgf@matrix@numberofcolumns=\count305
)
\tikz@expandcount=\count306
 (/Users/pich3772/Library/TinyTeX/texmf-dist/tex/generic/pgf/frontendlayer/tikz/libraries/tikzlibrarytopaths.code.tex
File: tikzlibrarytopaths.code.tex 2023-01-15 v3.1.10 (3.1.10)
))) (/Users/pich3772/Library/TinyTeX/texmf-dist/tex/generic/pgf/frontendlayer/tikz/libraries/tikzlibrarysvg.path.code.tex
File: tikzlibrarysvg.path.code.tex 2023-01-15 v3.1.10 (3.1.10)
 (/Users/pich3772/Library/TinyTeX/texmf-dist/tex/generic/pgf/libraries/pgflibrarysvg.path.code.tex
File: pgflibrarysvg.path.code.tex 2023-01-15 v3.1.10 (3.1.10)
 (/Users/pich3772/Library/TinyTeX/texmf-dist/tex/generic/pgf/modules/pgfmoduleparser.code.tex
File: pgfmoduleparser.code.tex 2023-01-15 v3.1.10 (3.1.10)
\pgfparserdef@arg@count=\count307
)
\pgf@lib@svg@last@x=\dimen258
\pgf@lib@svg@last@y=\dimen259
\pgf@lib@svg@last@c@x=\dimen260
\pgf@lib@svg@last@c@y=\dimen261
\pgf@lib@svg@count=\count308
\pgf@lib@svg@max@num=\count309
))
\@curXheight=\skip62
) (/Users/pich3772/Library/TinyTeX/texmf-dist/tex/generic/thumbpdf/thumbpdf.sty
Package: thumbpdf 2018/09/07 v3.17 Inclusion of thumbnails (HO)
THUMBPDF: Compressed PDF objects of PDF 1.5 are not supported
) (/Users/pich3772/Library/TinyTeX/texmf-dist/tex/latex/base/inputenc.sty
Package: inputenc 2024/02/08 v1.3d Input encoding file
\inpenc@prehook=\toks30
\inpenc@posthook=\toks31
) (/Users/pich3772/Library/TinyTeX/texmf-dist/tex/latex/amsmath/amsmath.sty
Package: amsmath 2024/11/05 v2.17t AMS math features
\@mathmargin=\skip63

For additional information on amsmath, use the `?' option.
(/Users/pich3772/Library/TinyTeX/texmf-dist/tex/latex/amsmath/amstext.sty
Package: amstext 2021/08/26 v2.01 AMS text
 (/Users/pich3772/Library/TinyTeX/texmf-dist/tex/latex/amsmath/amsgen.sty
File: amsgen.sty 1999/11/30 v2.0 generic functions
\@emptytoks=\toks32
\ex@=\dimen262
)) (/Users/pich3772/Library/TinyTeX/texmf-dist/tex/latex/amsmath/amsbsy.sty
Package: amsbsy 1999/11/29 v1.2d Bold Symbols
\pmbraise@=\dimen263
) (/Users/pich3772/Library/TinyTeX/texmf-dist/tex/latex/amsmath/amsopn.sty
Package: amsopn 2022/04/08 v2.04 operator names
)
\inf@bad=\count310
LaTeX Info: Redefining \frac on input line 233.
\uproot@=\count311
\leftroot@=\count312
LaTeX Info: Redefining \overline on input line 398.
LaTeX Info: Redefining \colon on input line 409.
\classnum@=\count313
\DOTSCASE@=\count314
LaTeX Info: Redefining \ldots on input line 495.
LaTeX Info: Redefining \dots on input line 498.
LaTeX Info: Redefining \cdots on input line 619.
\Mathstrutbox@=\box64
\strutbox@=\box65
LaTeX Info: Redefining \big on input line 721.
LaTeX Info: Redefining \Big on input line 722.
LaTeX Info: Redefining \bigg on input line 723.
LaTeX Info: Redefining \Bigg on input line 724.
\big@size=\dimen264
LaTeX Font Info:    Redeclaring font encoding OML on input line 742.
LaTeX Font Info:    Redeclaring font encoding OMS on input line 743.
\macc@depth=\count315
LaTeX Info: Redefining \bmod on input line 904.
LaTeX Info: Redefining \pmod on input line 909.
LaTeX Info: Redefining \smash on input line 939.
LaTeX Info: Redefining \relbar on input line 969.
LaTeX Info: Redefining \Relbar on input line 970.
\c@MaxMatrixCols=\count316
\dotsspace@=\muskip18
\c@parentequation=\count317
\dspbrk@lvl=\count318
\tag@help=\toks33
\row@=\count319
\column@=\count320
\maxfields@=\count321
\andhelp@=\toks34
\eqnshift@=\dimen265
\alignsep@=\dimen266
\tagshift@=\dimen267
\tagwidth@=\dimen268
\totwidth@=\dimen269
\lineht@=\dimen270
\@envbody=\toks35
\multlinegap=\skip64
\multlinetaggap=\skip65
\mathdisplay@stack=\toks36
LaTeX Info: Redefining \[ on input line 2953.
LaTeX Info: Redefining \] on input line 2954.
) (/Users/pich3772/Library/TinyTeX/texmf-dist/tex/latex/amscls/amsthm.sty
Package: amsthm 2020/05/29 v2.20.6
\thm@style=\toks37
\thm@bodyfont=\toks38
\thm@headfont=\toks39
\thm@notefont=\toks40
\thm@headpunct=\toks41
\thm@preskip=\skip66
\thm@postskip=\skip67
\thm@headsep=\skip68
\dth@everypar=\toks42
) (/Users/pich3772/Library/TinyTeX/texmf-dist/tex/latex/amsfonts/amssymb.sty
Package: amssymb 2013/01/14 v3.01 AMS font symbols
 (/Users/pich3772/Library/TinyTeX/texmf-dist/tex/latex/amsfonts/amsfonts.sty
Package: amsfonts 2013/01/14 v3.01 Basic AMSFonts support
\symAMSa=\mathgroup4
\symAMSb=\mathgroup5
LaTeX Font Info:    Redeclaring math symbol \hbar on input line 98.
LaTeX Font Info:    Overwriting math alphabet `\mathfrak' in version `bold'
(Font)                  U/euf/m/n --> U/euf/b/n on input line 106.
)) (/Users/pich3772/Library/TinyTeX/texmf-dist/tex/latex/tools/calc.sty
Package: calc 2023/07/08 v4.3 Infix arithmetic (KKT,FJ)
\calc@Acount=\count322
\calc@Bcount=\count323
\calc@Adimen=\dimen271
\calc@Bdimen=\dimen272
\calc@Askip=\skip69
\calc@Bskip=\skip70
LaTeX Info: Redefining \setlength on input line 80.
LaTeX Info: Redefining \addtolength on input line 81.
\calc@Ccount=\count324
\calc@Cskip=\skip71
) (/Users/pich3772/Library/TinyTeX/texmf-dist/tex/latex/ragged2e/ragged2e.sty
Package: ragged2e 2023/06/22 v3.6 ragged2e Package
\CenteringLeftskip=\skip72
\RaggedLeftLeftskip=\skip73
\RaggedRightLeftskip=\skip74
\CenteringRightskip=\skip75
\RaggedLeftRightskip=\skip76
\RaggedRightRightskip=\skip77
\CenteringParfillskip=\skip78
\RaggedLeftParfillskip=\skip79
\RaggedRightParfillskip=\skip80
\JustifyingParfillskip=\skip81
\CenteringParindent=\skip82
\RaggedLeftParindent=\skip83
\RaggedRightParindent=\skip84
\JustifyingParindent=\skip85
) (/Users/pich3772/Library/TinyTeX/texmf-dist/tex/latex/algorithm2e/algorithm2e.sty
Package: algorithm2e 2017/07/18 v5.2 algorithms environments
\c@AlgoLine=\count325
 (/Users/pich3772/Library/TinyTeX/texmf-dist/tex/latex/base/ifthen.sty
Package: ifthen 2024/03/16 v1.1e Standard LaTeX ifthen package (DPC)
)
\algocf@hangindent=\skip86
 (/Users/pich3772/Library/TinyTeX/texmf-dist/tex/latex/ifoddpage/ifoddpage.sty
Package: ifoddpage 2022/10/18 v1.2 Conditionals for odd/even page detection
\c@checkoddpage=\count326
) (/Users/pich3772/Library/TinyTeX/texmf-dist/tex/latex/tools/xspace.sty
Package: xspace 2014/10/28 v1.13 Space after command names (DPC,MH)
) (/Users/pich3772/Library/TinyTeX/texmf-dist/tex/latex/relsize/relsize.sty
Package: relsize 2013/03/29 ver 4.1
)
\skiptotal=\skip87
\skiplinenumber=\skip88
\skiprule=\skip89
\skiphlne=\skip90
\skiptext=\skip91
\skiplength=\skip92
\algomargin=\skip93
\skipalgocfslide=\skip94
\algowidth=\dimen273
\inoutsize=\dimen274
\inoutindent=\dimen275
\interspacetitleruled=\dimen276
\interspacealgoruled=\dimen277
\interspacetitleboxruled=\dimen278
\algocf@ruledwidth=\skip95
\algocf@inoutbox=\box66
\algocf@inputbox=\box67
\AlCapSkip=\skip96
\AlCapHSkip=\skip97
\algoskipindent=\skip98
\algocf@nlbox=\box68
\algocf@hangingbox=\box69
\algocf@untilbox=\box70
\algocf@skipuntil=\skip99
\algocf@capbox=\box71
\algocf@lcaptionbox=\skip100
\algoheightruledefault=\skip101
\algoheightrule=\skip102
\algotitleheightruledefault=\skip103
\algotitleheightrule=\skip104
\c@algocfline=\count327
\c@algocfproc=\count328
\c@algocf=\count329
\algocf@algoframe=\box72
\algocf@algobox=\box73
)
LaTeX Font Info:    Trying to load font information for T1+lmr on input line 151.
 (/Users/pich3772/Library/TinyTeX/texmf-dist/tex/latex/lm/t1lmr.fd
File: t1lmr.fd 2015/05/01 v1.6.1 Font defs for Latin Modern
) (/Users/pich3772/Library/TinyTeX/texmf-dist/tex/latex/l3backend/l3backend-pdftex.def
File: l3backend-pdftex.def 2024-05-08 L3 backend support: PDF output (pdfTeX)
\l__color_backend_stack_int=\count330
\l__pdf_internal_box=\box74
) (./singleRcapture_no_headers.aux)
\openout1 = `singleRcapture_no_headers.aux'.

LaTeX Font Info:    Checking defaults for OML/cmm/m/it on input line 151.
LaTeX Font Info:    ... okay on input line 151.
LaTeX Font Info:    Checking defaults for OMS/cmsy/m/n on input line 151.
LaTeX Font Info:    ... okay on input line 151.
LaTeX Font Info:    Checking defaults for OT1/cmr/m/n on input line 151.
LaTeX Font Info:    ... okay on input line 151.
LaTeX Font Info:    Checking defaults for T1/cmr/m/n on input line 151.
LaTeX Font Info:    ... okay on input line 151.
LaTeX Font Info:    Checking defaults for TS1/cmr/m/n on input line 151.
LaTeX Font Info:    ... okay on input line 151.
LaTeX Font Info:    Checking defaults for OMX/cmex/m/n on input line 151.
LaTeX Font Info:    ... okay on input line 151.
LaTeX Font Info:    Checking defaults for U/cmr/m/n on input line 151.
LaTeX Font Info:    ... okay on input line 151.
LaTeX Font Info:    Checking defaults for PD1/pdf/m/n on input line 151.
LaTeX Font Info:    ... okay on input line 151.
LaTeX Font Info:    Checking defaults for PU/pdf/m/n on input line 151.
LaTeX Font Info:    ... okay on input line 151.
 (/Users/pich3772/Library/TinyTeX/texmf-dist/tex/latex/epstopdf-pkg/epstopdf-base.sty
Package: epstopdf-base 2020-01-24 v2.11 Base part for package epstopdf
Package epstopdf-base Info: Redefining graphics rule for `.eps' on input line 485.
 (/Users/pich3772/Library/TinyTeX/texmf-dist/tex/latex/latexconfig/epstopdf-sys.cfg
File: epstopdf-sys.cfg 2010/07/13 v1.3 Configuration of (r)epstopdf for TeX Live
))
Package hyperref Info: Link coloring ON on input line 151.
 (./singleRcapture_no_headers.out) (./singleRcapture_no_headers.out)
\@outlinefile=\write5
\openout5 = `singleRcapture_no_headers.out'.

LaTeX Font Info:    Trying to load font information for T1+lmss on input line 151.
 (/Users/pich3772/Library/TinyTeX/texmf-dist/tex/latex/lm/t1lmss.fd
File: t1lmss.fd 2015/05/01 v1.6.1 Font defs for Latin Modern
)
LaTeX Font Info:    Trying to load font information for OT1+lmr on input line 151.
 (/Users/pich3772/Library/TinyTeX/texmf-dist/tex/latex/lm/ot1lmr.fd
File: ot1lmr.fd 2015/05/01 v1.6.1 Font defs for Latin Modern
)
LaTeX Font Info:    Trying to load font information for OML+lmm on input line 151.
 (/Users/pich3772/Library/TinyTeX/texmf-dist/tex/latex/lm/omllmm.fd
File: omllmm.fd 2015/05/01 v1.6.1 Font defs for Latin Modern
)
LaTeX Font Info:    Trying to load font information for OMS+lmsy on input line 151.
 (/Users/pich3772/Library/TinyTeX/texmf-dist/tex/latex/lm/omslmsy.fd
File: omslmsy.fd 2015/05/01 v1.6.1 Font defs for Latin Modern
)
LaTeX Font Info:    Trying to load font information for OMX+lmex on input line 151.
 (/Users/pich3772/Library/TinyTeX/texmf-dist/tex/latex/lm/omxlmex.fd
File: omxlmex.fd 2015/05/01 v1.6.1 Font defs for Latin Modern
)
LaTeX Font Info:    External font `lmex10' loaded for size
(Font)              <10.95> on input line 151.
LaTeX Font Info:    External font `lmex10' loaded for size
(Font)              <8> on input line 151.
LaTeX Font Info:    External font `lmex10' loaded for size
(Font)              <6> on input line 151.
LaTeX Font Info:    Trying to load font information for U+msa on input line 151.
 (/Users/pich3772/Library/TinyTeX/texmf-dist/tex/latex/amsfonts/umsa.fd
File: umsa.fd 2013/01/14 v3.01 AMS symbols A
)
LaTeX Font Info:    Trying to load font information for U+msb on input line 151.
 (/Users/pich3772/Library/TinyTeX/texmf-dist/tex/latex/amsfonts/umsb.fd
File: umsb.fd 2013/01/14 v3.01 AMS symbols B
)

[1

{/Users/pich3772/Library/TinyTeX/texmf-var/fonts/map/pdftex/updmap/pdftex.map}{/Users/pich3772/Library/TinyTeX/texmf-dist/fonts/enc/dvips/lm/lm-ec.enc}]
LaTeX Font Info:    Trying to load font information for T1+lmtt on input line 212.
 (/Users/pich3772/Library/TinyTeX/texmf-dist/tex/latex/lm/t1lmtt.fd
File: t1lmtt.fd 2015/05/01 v1.6.1 Font defs for Latin Modern
)
Overfull \hbox (2.73537pt too wide) in paragraph at lines 219--234
\T1/lmr/m/n/10.95 flated, Trun-cated and De-flated, can be found in the \T1/lmr/b/n/10.95 VGAM \T1/lmr/m/n/10.95 pack-age (e.g. \T1/lmtt/m/n/10.95 VGAM::gaitdpoisson
 []




Overfull \hbox (5.47499pt too wide) has occurred while \output is active
\T1/lmr/m/n/10.95 2 []
 []

[2]


Overfull \hbox (5.47499pt too wide) has occurred while \output is active
[] \T1/lmr/m/n/10.95 3
 []

[3{/Users/pich3772/Library/TinyTeX/texmf-dist/fonts/enc/dvips/lm/lm-mathit.enc}{/Users/pich3772/Library/TinyTeX/texmf-dist/fonts/enc/dvips/lm/lm-rm.enc}{/Users/pich3772/Library/TinyTeX/texmf-dist/fonts/enc/dvips/lm/lm-mathex.enc}{/Users/pich3772/Library/TinyTeX/texmf-dist/fonts/enc/dvips/lm/lm-mathsy.enc}]
LaTeX Font Info:    Trying to load font information for TS1+lmr on input line 391.
 (/Users/pich3772/Library/TinyTeX/texmf-dist/tex/latex/lm/ts1lmr.fd
File: ts1lmr.fd 2015/05/01 v1.6.1 Font defs for Latin Modern
)


Overfull \hbox (5.47499pt too wide) has occurred while \output is active
\T1/lmr/m/n/10.95 4 []
 []

[4]


Overfull \hbox (5.47499pt too wide) has occurred while \output is active
[] \T1/lmr/m/n/10.95 5
 []

[5{/Users/pich3772/Library/TinyTeX/texmf-dist/fonts/enc/dvips/lm/lm-ts1.enc}]


Overfull \hbox (5.47499pt too wide) has occurred while \output is active
\T1/lmr/m/n/10.95 6 []
 []

[6]
LaTeX Font Info:    External font `lmex10' loaded for size
(Font)              <10> on input line 560.
LaTeX Font Info:    External font `lmex10' loaded for size
(Font)              <7> on input line 560.
LaTeX Font Info:    External font `lmex10' loaded for size
(Font)              <5> on input line 560.



Overfull \hbox (5.47499pt too wide) has occurred while \output is active
[] \T1/lmr/m/n/10.95 7
 []

[7]


Overfull \hbox (5.47499pt too wide) has occurred while \output is active
\T1/lmr/m/n/10.95 8 []
 []

[8]
Underfull \hbox (badness 10000) in paragraph at lines 674--674
[]\T1/lmtt/m/n/10.95 controlMethod\T1/lmr/m/n/10.95 ,
 []


Underfull \hbox (badness 1430) in paragraph at lines 676--677
[]\T1/lmr/m/n/10.95 additional op-tional ar-gu-ments passed to other meth-ods eg.
 []




Overfull \hbox (5.47499pt too wide) has occurred while \output is active
[] \T1/lmr/m/n/10.95 9
 []

[9]


Overfull \hbox (10.94998pt too wide) has occurred while \output is active
\T1/lmr/m/n/10.95 10 []
 []

[10]


Overfull \hbox (10.94998pt too wide) has occurred while \output is active
[] \T1/lmr/m/n/10.95 11
 []

[11]


Overfull \hbox (10.94998pt too wide) has occurred while \output is active
\T1/lmr/m/n/10.95 12 []
 []

[12]


Overfull \hbox (10.94998pt too wide) has occurred while \output is active
[] \T1/lmr/m/n/10.95 13
 []

[13]


Overfull \hbox (10.94998pt too wide) has occurred while \output is active
\T1/lmr/m/n/10.95 14 []
 []

[14]


Overfull \hbox (10.94998pt too wide) has occurred while \output is active
[] \T1/lmr/m/n/10.95 15
 []

[15]
<singleRcapture_files/figure-latex/rootogram-1.pdf, id=367, 327.2225pt x 229.85875pt>
File: singleRcapture_files/figure-latex/rootogram-1.pdf Graphic file (type pdf)
<use singleRcapture_files/figure-latex/rootogram-1.pdf>
Package pdftex.def Info: singleRcapture_files/figure-latex/rootogram-1.pdf  used on input line 1096.
(pdftex.def)             Requested size: 213.39566pt x 149.90094pt.
<singleRcapture_files/figure-latex/rootogram-2.pdf, id=368, 327.2225pt x 229.85875pt>
File: singleRcapture_files/figure-latex/rootogram-2.pdf Graphic file (type pdf)
<use singleRcapture_files/figure-latex/rootogram-2.pdf>
Package pdftex.def Info: singleRcapture_files/figure-latex/rootogram-2.pdf  used on input line 1096.
(pdftex.def)             Requested size: 213.39566pt x 149.90094pt.



Overfull \hbox (10.94998pt too wide) has occurred while \output is active
\T1/lmr/m/n/10.95 16 []
 []

[16]


Overfull \hbox (10.94998pt too wide) has occurred while \output is active
[] \T1/lmr/m/n/10.95 17
 []

[17 <./singleRcapture_files/figure-latex/rootogram-1.pdf> <./singleRcapture_files/figure-latex/rootogram-2.pdf>]
<singleRcapture_files/figure-latex/dfpopsize_plot-1.pdf, id=396, 350.30875pt x 235.88126pt>
File: singleRcapture_files/figure-latex/dfpopsize_plot-1.pdf Graphic file (type pdf)
<use singleRcapture_files/figure-latex/dfpopsize_plot-1.pdf>
Package pdftex.def Info: singleRcapture_files/figure-latex/dfpopsize_plot-1.pdf  used on input line 1187.
(pdftex.def)             Requested size: 213.39566pt x 143.693pt.
<singleRcapture_files/figure-latex/dfpopsize_plot-2.pdf, id=397, 350.30875pt x 235.88126pt>
File: singleRcapture_files/figure-latex/dfpopsize_plot-2.pdf Graphic file (type pdf)
<use singleRcapture_files/figure-latex/dfpopsize_plot-2.pdf>
Package pdftex.def Info: singleRcapture_files/figure-latex/dfpopsize_plot-2.pdf  used on input line 1187.
(pdftex.def)             Requested size: 213.39566pt x 143.693pt.



Overfull \hbox (10.94998pt too wide) has occurred while \output is active
\T1/lmr/m/n/10.95 18 []
 []

[18 <./singleRcapture_files/figure-latex/dfpopsize_plot-1.pdf> <./singleRcapture_files/figure-latex/dfpopsize_plot-2.pdf>]


Overfull \hbox (10.94998pt too wide) has occurred while \output is active
[] \T1/lmr/m/n/10.95 19
 []

[19]
<singleRcapture_files/figure-latex/strata_plot-1.pdf, id=427, 348.30125pt x 237.88875pt>
File: singleRcapture_files/figure-latex/strata_plot-1.pdf Graphic file (type pdf)
<use singleRcapture_files/figure-latex/strata_plot-1.pdf>
Package pdftex.def Info: singleRcapture_files/figure-latex/strata_plot-1.pdf  used on input line 1339.
(pdftex.def)             Requested size: 213.39566pt x 145.74715pt.
<singleRcapture_files/figure-latex/strata_plot-2.pdf, id=428, 345.29pt x 237.88875pt>
File: singleRcapture_files/figure-latex/strata_plot-2.pdf Graphic file (type pdf)
<use singleRcapture_files/figure-latex/strata_plot-2.pdf>
Package pdftex.def Info: singleRcapture_files/figure-latex/strata_plot-2.pdf  used on input line 1339.
(pdftex.def)             Requested size: 213.39566pt x 147.02122pt.



Overfull \hbox (10.94998pt too wide) has occurred while \output is active
\T1/lmr/m/n/10.95 20 []
 []

[20]


Overfull \hbox (10.94998pt too wide) has occurred while \output is active
[] \T1/lmr/m/n/10.95 21
 []

[21 <./singleRcapture_files/figure-latex/strata_plot-1.pdf> <./singleRcapture_files/figure-latex/strata_plot-2.pdf>]
Underfull \hbox (badness 10000) in paragraph at lines 1428--1429
[]\T1/lmr/m/n/10 used for ob-tain-ing resid-u-als of sev-eral types,
 []


Underfull \hbox (badness 10000) in paragraph at lines 1428--1429
\T1/lmr/m/n/10 we re-fer in-ter-ested read-ers to the man-ual
 []


Underfull \hbox (badness 10000) in paragraph at lines 1429--1429
[]\T1/lmtt/m/n/10 stratifyPopsize,
 []


Underfull \hbox (badness 10000) in paragraph at lines 1435--1435
[]\T1/lmtt/m/n/10 AIC, BIC, extractAIC,
 []


Underfull \hbox (badness 10000) in paragraph at lines 1435--1435
\T1/lmtt/m/n/10 family, confint,
 []


Underfull \hbox (badness 10000) in paragraph at lines 1435--1435
\T1/lmtt/m/n/10 df.residual,
 []


Underfull \hbox (badness 10000) in paragraph at lines 1435--1435
\T1/lmtt/m/n/10 model.frame,
 []


Underfull \hbox (badness 10000) in paragraph at lines 1435--1435
\T1/lmtt/m/n/10 hatvalues, nobs,
 []


Overfull \hbox (8.13757pt too wide) in paragraph at lines 1418--1438
 [][] 
 []




Overfull \hbox (10.94998pt too wide) has occurred while \output is active
\T1/lmr/m/n/10.95 22 []
 []

[22]
Overfull \hbox (13.18584pt too wide) in paragraph at lines 1481--1487
[]\T1/lmr/m/n/10.95 The \T1/lmr/b/n/10.95 sin-gleR-cap-ture-Ex-tra \T1/lmr/m/n/10.95 makes it pos-si-ble to con-vert ob-jects cre-ated by \T1/lmtt/m/n/10.95 vglm, vgam, countreg
 []




Overfull \hbox (10.94998pt too wide) has occurred while \output is active
[] \T1/lmr/m/n/10.95 23
 []

[23]


Overfull \hbox (10.94998pt too wide) has occurred while \output is active
\T1/lmr/m/n/10.95 24 []
 []

[24]


Overfull \hbox (10.94998pt too wide) has occurred while \output is active
[] \T1/lmr/m/n/10.95 25
 []

[25]
Underfull \vbox (badness 10000) has occurred while \output is active []




Overfull \hbox (10.94998pt too wide) has occurred while \output is active
\T1/lmr/m/n/10.95 26 []
 []

[26]


Overfull \hbox (10.94998pt too wide) has occurred while \output is active
[] \T1/lmr/m/n/10.95 27
 []

[27]


Overfull \hbox (10.94998pt too wide) has occurred while \output is active
\T1/lmr/m/n/10.95 28 []
 []

[28]


Overfull \hbox (10.94998pt too wide) has occurred while \output is active
[] \T1/lmr/m/n/10.95 29
 []

[29]


Overfull \hbox (10.94998pt too wide) has occurred while \output is active
\T1/lmr/m/n/10.95 30 []
 []

[30]
Overfull \hbox (8.13757pt too wide) in paragraph at lines 1943--1969
 [][] 
 []




Overfull \hbox (10.94998pt too wide) has occurred while \output is active
[] \T1/lmr/m/n/10.95 31
 []

[31

]


Overfull \hbox (10.94998pt too wide) has occurred while \output is active
\T1/lmr/m/n/10.95 32 []
 []

[32

]
Underfull \vbox (badness 10000) has occurred while \output is active []




Overfull \hbox (10.94998pt too wide) has occurred while \output is active
[] \T1/lmr/m/n/10.95 33
 []

[33]
Underfull \vbox (badness 10000) has occurred while \output is active []




Overfull \hbox (10.94998pt too wide) has occurred while \output is active
\T1/lmr/m/n/10.95 34 []
 []

[34]
Underfull \vbox (badness 10000) has occurred while \output is active []




Overfull \hbox (10.94998pt too wide) has occurred while \output is active
[] \T1/lmr/m/n/10.95 35
 []

[35]
Underfull \vbox (badness 10000) has occurred while \output is active []




Overfull \hbox (10.94998pt too wide) has occurred while \output is active
\T1/lmr/m/n/10.95 36 []
 []

[36]
Underfull \vbox (badness 10000) has occurred while \output is active []




Overfull \hbox (10.94998pt too wide) has occurred while \output is active
[] \T1/lmr/m/n/10.95 37
 []

[37]


Overfull \hbox (10.94998pt too wide) has occurred while \output is active
\T1/lmr/m/n/10.95 38 []
 []

[38]


Overfull \hbox (10.94998pt too wide) has occurred while \output is active
[] \T1/lmr/m/n/10.95 39
 []

[39] (./singleRcapture_no_headers.bbl


Overfull \hbox (10.94998pt too wide) has occurred while \output is active
\T1/lmr/m/n/10.95 40 []
 []

[40]


Overfull \hbox (10.94998pt too wide) has occurred while \output is active
[] \T1/lmr/m/n/10.95 41
 []

[41])
Underfull \hbox (badness 10000) in paragraph at lines 2438--2438

 []


Underfull \hbox (badness 10000) in paragraph at lines 2438--2438

 []


Overfull \hbox (35.30852pt too wide) in paragraph at lines 2438--2438
\T1/lmr/m/n/10.95 URL: [][]$\T1/lmtt/m/n/10.95 https : / / github . com / BERENZ$[][]\T1/lmr/m/n/10.95 , [][]$\T1/lmtt/m/n/10.95 https : / / ue . poznan . pl / en / people / dr-[]maciej-[]beresewicz/$[][] 
 []


Underfull \hbox (badness 10000) in paragraph at lines 2438--2438

 []




Overfull \hbox (10.94998pt too wide) has occurred while \output is active
\T1/lmr/m/n/10.95 42 []
 []

[42]


Overfull \hbox (10.94998pt too wide) has occurred while \output is active
[] \T1/lmr/m/n/10.95 43
 []

[43] (./singleRcapture_no_headers.aux)
 ***********
LaTeX2e <2024-11-01>
L3 programming layer <2024-11-02>
 ***********
Package rerunfilecheck Info: File `singleRcapture_no_headers.out' has not changed.
(rerunfilecheck)             Checksum: 0436DC5C5DA4E850F7931F25C49344EB;5679.
 ) 
Here is how much of TeX's memory you used:
 23656 strings out of 475322
 443530 string characters out of 5769216
 811759 words of memory out of 5000000
 45888 multiletter control sequences out of 15000+600000
 684573 words of font info for 120 fonts, out of 8000000 for 9000
 14 hyphenation exceptions out of 8191
 99i,17n,101p,666b,866s stack positions out of 10000i,1000n,20000p,200000b,200000s
</Users/pich3772/Library/TinyTeX/texmf-dist/fonts/type1/public/lm/lmb10.pfb></Users/pich3772/Library/TinyTeX/texmf-dist/fonts/type1/public/lm/lmbo10.pfb></Users/pich3772/Library/TinyTeX/texmf-dist/fonts/type1/public/lm/lmbx10.pfb></Users/pich3772/Library/TinyTeX/texmf-dist/fonts/type1/public/lm/lmbx12.pfb></Users/pich3772/Library/TinyTeX/texmf-dist/fonts/type1/public/lm/lmbx7.pfb></Users/pich3772/Library/TinyTeX/texmf-dist/fonts/type1/public/lm/lmex10.pfb></Users/pich3772/Library/TinyTeX/texmf-dist/fonts/type1/public/lm/lmmi10.pfb></Users/pich3772/Library/TinyTeX/texmf-dist/fonts/type1/public/lm/lmmi5.pfb></Users/pich3772/Library/TinyTeX/texmf-dist/fonts/type1/public/lm/lmmi6.pfb></Users/pich3772/Library/TinyTeX/texmf-dist/fonts/type1/public/lm/lmmi7.pfb></Users/pich3772/Library/TinyTeX/texmf-dist/fonts/type1/public/lm/lmmi8.pfb></Users/pich3772/Library/TinyTeX/texmf-dist/fonts/type1/public/lm/lmmib10.pfb></Users/pich3772/Library/TinyTeX/texmf-dist/fonts/type1/public/lm/lmmib7.pfb></Users/pich3772/Library/TinyTeX/texmf-dist/fonts/type1/public/lm/lmr10.pfb></Users/pich3772/Library/TinyTeX/texmf-dist/fonts/type1/public/lm/lmr6.pfb></Users/pich3772/Library/TinyTeX/texmf-dist/fonts/type1/public/lm/lmr7.pfb></Users/pich3772/Library/TinyTeX/texmf-dist/fonts/type1/public/lm/lmr8.pfb></Users/pich3772/Library/TinyTeX/texmf-dist/fonts/type1/public/lm/lmri10.pfb></Users/pich3772/Library/TinyTeX/texmf-dist/fonts/type1/public/lm/lmro10.pfb></Users/pich3772/Library/TinyTeX/texmf-dist/fonts/type1/public/lm/lmss10.pfb></Users/pich3772/Library/TinyTeX/texmf-dist/fonts/type1/public/lm/lmssbx10.pfb></Users/pich3772/Library/TinyTeX/texmf-dist/fonts/type1/public/lm/lmsy10.pfb></Users/pich3772/Library/TinyTeX/texmf-dist/fonts/type1/public/lm/lmsy5.pfb></Users/pich3772/Library/TinyTeX/texmf-dist/fonts/type1/public/lm/lmsy6.pfb></Users/pich3772/Library/TinyTeX/texmf-dist/fonts/type1/public/lm/lmsy7.pfb></Users/pich3772/Library/TinyTeX/texmf-dist/fonts/type1/public/lm/lmsy8.pfb></Users/pich3772/Library/TinyTeX/texmf-dist/fonts/type1/public/lm/lmtt10.pfb></Users/pich3772/Library/TinyTeX/texmf-dist/fonts/type1/public/lm/lmtt12.pfb></Users/pich3772/Library/TinyTeX/texmf-dist/fonts/type1/public/lm/lmtto10.pfb></Users/pich3772/Library/TinyTeX/texmf-dist/fonts/type1/public/amsfonts/symbols/msbm10.pfb>
Output written on singleRcapture_no_headers.pdf (43 pages, 659936 bytes).
PDF statistics:
 782 PDF objects out of 1000 (max. 8388607)
 647 compressed objects within 7 object streams
 163 named destinations out of 1000 (max. 500000)
 235 words of extra memory for PDF output out of 10000 (max. 10000000)

